1717349644.735572 client started (136315): version 3.4, socket /tmp/tmux-1000/default, protocol 8
1717349644.735606 on Linux 6.6.32 #1-NixOS SMP PREEMPT_DYNAMIC Sat May 25 14:22:56 UTC 2024
1717349644.735613 using libevent 2.1.12-stable poll
1717349644.735623 using utf8proc 2.9.0
1717349644.735628 using ncurses 6.4 20221231
1717349644.735654 flags are 0x18010000
1717349644.735669 socket is /tmp/tmux-1000/default
1717349644.735685 trying connect
1717349644.735706 connect failed: Connection refused
1717349644.735718 lock file is /tmp/tmux-1000/default.lock
1717349644.735758 flock succeeded
1717349644.735764 got lock (6)
1717349644.735775 trying connect
1717349644.735788 connect failed: Connection refused
1717349644.736066 add peer 0x194f530: 7 ((nil))
1717349644.736584 sending message 100 to peer 0x194f530 (4 bytes)
1717349644.736597 sending message 111 to peer 0x194f530 (8 bytes)
1717349644.736602 sending message 101 to peer 0x194f530 (15 bytes)
1717349644.736608 sending message 109 to peer 0x194f530 (4 bytes)
1717349644.736613 sending message 102 to peer 0x194f530 (11 bytes)
1717349644.736619 sending message 108 to peer 0x194f530 (24 bytes)
1717349644.736625 sending message 112 to peer 0x194f530 (58 bytes)
1717349644.736629 sending message 112 to peer 0x194f530 (5 bytes)
1717349644.736634 sending message 112 to peer 0x194f530 (5 bytes)
1717349644.736640 sending message 112 to peer 0x194f530 (6 bytes)
1717349644.736645 sending message 112 to peer 0x194f530 (6 bytes)
1717349644.736649 sending message 112 to peer 0x194f530 (11 bytes)
1717349644.736655 sending message 112 to peer 0x194f530 (10 bytes)
1717349644.736661 sending message 112 to peer 0x194f530 (13 bytes)
1717349644.736665 sending message 112 to peer 0x194f530 (14 bytes)
1717349644.736669 sending message 112 to peer 0x194f530 (19 bytes)
1717349644.736674 sending message 112 to peer 0x194f530 (11 bytes)
1717349644.736680 sending message 112 to peer 0x194f530 (10 bytes)
1717349644.736685 sending message 112 to peer 0x194f530 (15 bytes)
1717349644.736689 sending message 112 to peer 0x194f530 (21 bytes)
1717349644.736693 sending message 112 to peer 0x194f530 (13 bytes)
1717349644.736699 sending message 112 to peer 0x194f530 (7 bytes)
1717349644.736704 sending message 112 to peer 0x194f530 (13 bytes)
1717349644.736708 sending message 112 to peer 0x194f530 (7 bytes)
1717349644.736712 sending message 112 to peer 0x194f530 (13 bytes)
1717349644.736717 sending message 112 to peer 0x194f530 (9 bytes)
1717349644.736723 sending message 112 to peer 0x194f530 (21 bytes)
1717349644.736727 sending message 112 to peer 0x194f530 (13 bytes)
1717349644.736732 sending message 112 to peer 0x194f530 (9 bytes)
1717349644.736736 sending message 112 to peer 0x194f530 (16 bytes)
1717349644.736741 sending message 112 to peer 0x194f530 (13 bytes)
1717349644.736746 sending message 112 to peer 0x194f530 (9 bytes)
1717349644.736751 sending message 112 to peer 0x194f530 (9 bytes)
1717349644.736755 sending message 112 to peer 0x194f530 (12 bytes)
1717349644.736760 sending message 112 to peer 0x194f530 (8 bytes)
1717349644.736766 sending message 112 to peer 0x194f530 (8 bytes)
1717349644.736770 sending message 112 to peer 0x194f530 (13 bytes)
1717349644.736774 sending message 112 to peer 0x194f530 (7 bytes)
1717349644.736780 sending message 112 to peer 0x194f530 (7 bytes)
1717349644.736785 sending message 112 to peer 0x194f530 (9 bytes)
1717349644.736790 sending message 112 to peer 0x194f530 (9 bytes)
1717349644.736794 sending message 112 to peer 0x194f530 (15 bytes)
1717349644.736799 sending message 112 to peer 0x194f530 (13 bytes)
1717349644.736805 sending message 112 to peer 0x194f530 (12 bytes)
1717349644.736809 sending message 112 to peer 0x194f530 (8 bytes)
1717349644.736813 sending message 112 to peer 0x194f530 (14 bytes)
1717349644.736818 sending message 112 to peer 0x194f530 (11 bytes)
1717349644.736824 sending message 112 to peer 0x194f530 (9 bytes)
1717349644.736829 sending message 112 to peer 0x194f530 (10 bytes)
1717349644.736833 sending message 112 to peer 0x194f530 (10 bytes)
1717349644.736838 sending message 112 to peer 0x194f530 (10 bytes)
1717349644.736851 sending message 112 to peer 0x194f530 (10 bytes)
1717349644.736856 sending message 112 to peer 0x194f530 (11 bytes)
1717349644.736863 sending message 112 to peer 0x194f530 (12 bytes)
1717349644.736867 sending message 112 to peer 0x194f530 (12 bytes)
1717349644.736871 sending message 112 to peer 0x194f530 (12 bytes)
1717349644.736878 sending message 112 to peer 0x194f530 (12 bytes)
1717349644.736882 sending message 112 to peer 0x194f530 (12 bytes)
1717349644.736887 sending message 112 to peer 0x194f530 (11 bytes)
1717349644.736892 sending message 112 to peer 0x194f530 (11 bytes)
1717349644.736898 sending message 112 to peer 0x194f530 (12 bytes)
1717349644.736902 sending message 112 to peer 0x194f530 (12 bytes)
1717349644.736906 sending message 112 to peer 0x194f530 (12 bytes)
1717349644.736912 sending message 112 to peer 0x194f530 (12 bytes)
1717349644.736917 sending message 112 to peer 0x194f530 (12 bytes)
1717349644.736921 sending message 112 to peer 0x194f530 (9 bytes)
1717349644.736926 sending message 112 to peer 0x194f530 (12 bytes)
1717349644.736932 sending message 112 to peer 0x194f530 (13 bytes)
1717349644.736936 sending message 112 to peer 0x194f530 (13 bytes)
1717349644.736942 sending message 112 to peer 0x194f530 (13 bytes)
1717349644.736946 sending message 112 to peer 0x194f530 (13 bytes)
1717349644.736953 sending message 112 to peer 0x194f530 (13 bytes)
1717349644.736957 sending message 112 to peer 0x194f530 (8 bytes)
1717349644.736962 sending message 112 to peer 0x194f530 (11 bytes)
1717349644.736967 sending message 112 to peer 0x194f530 (11 bytes)
1717349644.736972 sending message 112 to peer 0x194f530 (11 bytes)
1717349644.736984 sending message 112 to peer 0x194f530 (12 bytes)
1717349644.736994 sending message 112 to peer 0x194f530 (12 bytes)
1717349644.737000 sending message 112 to peer 0x194f530 (12 bytes)
1717349644.737004 sending message 112 to peer 0x194f530 (12 bytes)
1717349644.737009 sending message 112 to peer 0x194f530 (13 bytes)
1717349644.737015 sending message 112 to peer 0x194f530 (13 bytes)
1717349644.737019 sending message 112 to peer 0x194f530 (13 bytes)
1717349644.737023 sending message 112 to peer 0x194f530 (8 bytes)
1717349644.737028 sending message 112 to peer 0x194f530 (13 bytes)
1717349644.737034 sending message 112 to peer 0x194f530 (13 bytes)
1717349644.737039 sending message 112 to peer 0x194f530 (13 bytes)
1717349644.737043 sending message 112 to peer 0x194f530 (13 bytes)
1717349644.737048 sending message 112 to peer 0x194f530 (13 bytes)
1717349644.737053 sending message 112 to peer 0x194f530 (12 bytes)
1717349644.737058 sending message 112 to peer 0x194f530 (12 bytes)
1717349644.737063 sending message 112 to peer 0x194f530 (12 bytes)
1717349644.737069 sending message 112 to peer 0x194f530 (12 bytes)
1717349644.737073 sending message 112 to peer 0x194f530 (13 bytes)
1717349644.737077 sending message 112 to peer 0x194f530 (8 bytes)
1717349644.737083 sending message 112 to peer 0x194f530 (13 bytes)
1717349644.737088 sending message 112 to peer 0x194f530 (13 bytes)
1717349644.737092 sending message 112 to peer 0x194f530 (13 bytes)
1717349644.737096 sending message 112 to peer 0x194f530 (13 bytes)
1717349644.737102 sending message 112 to peer 0x194f530 (13 bytes)
1717349644.737107 sending message 112 to peer 0x194f530 (13 bytes)
1717349644.737111 sending message 112 to peer 0x194f530 (13 bytes)
1717349644.737117 sending message 112 to peer 0x194f530 (12 bytes)
1717349644.737122 sending message 112 to peer 0x194f530 (12 bytes)
1717349644.737126 sending message 112 to peer 0x194f530 (12 bytes)
1717349644.737131 sending message 112 to peer 0x194f530 (8 bytes)
1717349644.737137 sending message 112 to peer 0x194f530 (12 bytes)
1717349644.737141 sending message 112 to peer 0x194f530 (13 bytes)
1717349644.737146 sending message 112 to peer 0x194f530 (13 bytes)
1717349644.737152 sending message 112 to peer 0x194f530 (13 bytes)
1717349644.737156 sending message 112 to peer 0x194f530 (13 bytes)
1717349644.737161 sending message 112 to peer 0x194f530 (13 bytes)
1717349644.737172 sending message 112 to peer 0x194f530 (13 bytes)
1717349644.737177 sending message 112 to peer 0x194f530 (13 bytes)
1717349644.737184 sending message 112 to peer 0x194f530 (13 bytes)
1717349644.737188 sending message 112 to peer 0x194f530 (12 bytes)
1717349644.737192 sending message 112 to peer 0x194f530 (10 bytes)
1717349644.737198 sending message 112 to peer 0x194f530 (12 bytes)
1717349644.737203 sending message 112 to peer 0x194f530 (12 bytes)
1717349644.737207 sending message 112 to peer 0x194f530 (12 bytes)
1717349644.737213 sending message 112 to peer 0x194f530 (13 bytes)
1717349644.737217 sending message 112 to peer 0x194f530 (13 bytes)
1717349644.737222 sending message 112 to peer 0x194f530 (13 bytes)
1717349644.737226 sending message 112 to peer 0x194f530 (13 bytes)
1717349644.737233 sending message 112 to peer 0x194f530 (13 bytes)
1717349644.737237 sending message 112 to peer 0x194f530 (13 bytes)
1717349644.737241 sending message 112 to peer 0x194f530 (13 bytes)
1717349644.737248 sending message 112 to peer 0x194f530 (10 bytes)
1717349644.737252 sending message 112 to peer 0x194f530 (13 bytes)
1717349644.737257 sending message 112 to peer 0x194f530 (12 bytes)
1717349644.737261 sending message 112 to peer 0x194f530 (12 bytes)
1717349644.737268 sending message 112 to peer 0x194f530 (12 bytes)
1717349644.737272 sending message 112 to peer 0x194f530 (10 bytes)
1717349644.737278 sending message 112 to peer 0x194f530 (10 bytes)
1717349644.737282 sending message 112 to peer 0x194f530 (10 bytes)
1717349644.737288 sending message 112 to peer 0x194f530 (12 bytes)
1717349644.737293 sending message 112 to peer 0x194f530 (13 bytes)
1717349644.737297 sending message 112 to peer 0x194f530 (13 bytes)
1717349644.737302 sending message 112 to peer 0x194f530 (13 bytes)
1717349644.737308 sending message 112 to peer 0x194f530 (13 bytes)
1717349644.737312 sending message 112 to peer 0x194f530 (13 bytes)
1717349644.737318 sending message 112 to peer 0x194f530 (10 bytes)
1717349644.737323 sending message 112 to peer 0x194f530 (11 bytes)
1717349644.737328 sending message 112 to peer 0x194f530 (12 bytes)
1717349644.737334 sending message 112 to peer 0x194f530 (12 bytes)
1717349644.737338 sending message 112 to peer 0x194f530 (12 bytes)
1717349644.737343 sending message 112 to peer 0x194f530 (12 bytes)
1717349644.737349 sending message 112 to peer 0x194f530 (12 bytes)
1717349644.737353 sending message 112 to peer 0x194f530 (11 bytes)
1717349644.737358 sending message 112 to peer 0x194f530 (12 bytes)
1717349644.737364 sending message 112 to peer 0x194f530 (12 bytes)
1717349644.737369 sending message 112 to peer 0x194f530 (13 bytes)
1717349644.737373 sending message 112 to peer 0x194f530 (13 bytes)
1717349644.737379 sending message 112 to peer 0x194f530 (13 bytes)
1717349644.737384 sending message 112 to peer 0x194f530 (13 bytes)
1717349644.737388 sending message 112 to peer 0x194f530 (13 bytes)
1717349644.737392 sending message 112 to peer 0x194f530 (10 bytes)
1717349644.737398 sending message 112 to peer 0x194f530 (9 bytes)
1717349644.737403 sending message 112 to peer 0x194f530 (12 bytes)
1717349644.737407 sending message 112 to peer 0x194f530 (13 bytes)
1717349644.737412 sending message 112 to peer 0x194f530 (13 bytes)
1717349644.737418 sending message 112 to peer 0x194f530 (13 bytes)
1717349644.737422 sending message 112 to peer 0x194f530 (13 bytes)
1717349644.737427 sending message 112 to peer 0x194f530 (13 bytes)
1717349644.737433 sending message 112 to peer 0x194f530 (9 bytes)
1717349644.737438 sending message 112 to peer 0x194f530 (12 bytes)
1717349644.737442 sending message 112 to peer 0x194f530 (13 bytes)
1717349644.737447 sending message 112 to peer 0x194f530 (13 bytes)
1717349644.737452 sending message 112 to peer 0x194f530 (13 bytes)
1717349644.737457 sending message 112 to peer 0x194f530 (13 bytes)
1717349644.737462 sending message 112 to peer 0x194f530 (13 bytes)
1717349644.737467 sending message 112 to peer 0x194f530 (11 bytes)
1717349644.737472 sending message 112 to peer 0x194f530 (12 bytes)
1717349644.737482 sending message 112 to peer 0x194f530 (13 bytes)
1717349644.737487 sending message 112 to peer 0x194f530 (13 bytes)
1717349644.737492 sending message 112 to peer 0x194f530 (13 bytes)
1717349644.737497 sending message 112 to peer 0x194f530 (13 bytes)
1717349644.737502 sending message 112 to peer 0x194f530 (13 bytes)
1717349644.737506 sending message 112 to peer 0x194f530 (11 bytes)
1717349644.737512 sending message 112 to peer 0x194f530 (12 bytes)
1717349644.737517 sending message 112 to peer 0x194f530 (12 bytes)
1717349644.737521 sending message 112 to peer 0x194f530 (12 bytes)
1717349644.737526 sending message 112 to peer 0x194f530 (12 bytes)
1717349644.737532 sending message 112 to peer 0x194f530 (12 bytes)
1717349644.737536 sending message 112 to peer 0x194f530 (21 bytes)
1717349644.737541 sending message 112 to peer 0x194f530 (12 bytes)
1717349644.737547 sending message 112 to peer 0x194f530 (9 bytes)
1717349644.737552 sending message 112 to peer 0x194f530 (6 bytes)
1717349644.737556 sending message 112 to peer 0x194f530 (13 bytes)
1717349644.737562 sending message 112 to peer 0x194f530 (10 bytes)
1717349644.737567 sending message 112 to peer 0x194f530 (24 bytes)
1717349644.737571 sending message 112 to peer 0x194f530 (13 bytes)
1717349644.737577 sending message 112 to peer 0x194f530 (9 bytes)
1717349644.737582 sending message 112 to peer 0x194f530 (70 bytes)
1717349644.737586 sending message 112 to peer 0x194f530 (69 bytes)
1717349644.737592 sending message 112 to peer 0x194f530 (12 bytes)
1717349644.737597 sending message 112 to peer 0x194f530 (10 bytes)
1717349644.737601 sending message 112 to peer 0x194f530 (10 bytes)
1717349644.737607 sending message 112 to peer 0x194f530 (24 bytes)
1717349644.737612 sending message 112 to peer 0x194f530 (13 bytes)
1717349644.737616 sending message 112 to peer 0x194f530 (10 bytes)
1717349644.737621 sending message 112 to peer 0x194f530 (10 bytes)
1717349644.737627 sending message 112 to peer 0x194f530 (10 bytes)
1717349644.737631 sending message 112 to peer 0x194f530 (13 bytes)
1717349644.737638 sending message 112 to peer 0x194f530 (15 bytes)
1717349644.737642 sending message 112 to peer 0x194f530 (5 bytes)
1717349644.737648 sending message 104 to peer 0x194f530 (0 bytes)
1717349644.737656 sending message 110 to peer 0x194f530 (0 bytes)
1717349644.737661 sending message 107 to peer 0x194f530 (4 bytes)
1717349644.737668 sending message 105 to peer 0x194f530 (38 bytes)
1717349644.737672 sending message 105 to peer 0x194f530 (76 bytes)
1717349644.737678 sending message 105 to peer 0x194f530 (18 bytes)
1717349644.737684 sending message 105 to peer 0x194f530 (21 bytes)
1717349644.737688 sending message 105 to peer 0x194f530 (20 bytes)
1717349644.737693 sending message 105 to peer 0x194f530 (1399 bytes)
1717349644.737717 sending message 105 to peer 0x194f530 (58 bytes)
1717349644.737723 sending message 105 to peer 0x194f530 (10 bytes)
1717349644.737728 sending message 105 to peer 0x194f530 (23 bytes)
1717349644.737733 sending message 105 to peer 0x194f530 (20 bytes)
1717349644.737739 sending message 105 to peer 0x194f530 (50 bytes)
1717349644.737744 sending message 105 to peer 0x194f530 (710 bytes)
1717349644.737750 sending message 105 to peer 0x194f530 (51 bytes)
1717349644.737756 sending message 105 to peer 0x194f530 (112 bytes)
1717349644.737761 sending message 105 to peer 0x194f530 (23 bytes)
1717349644.737766 sending message 105 to peer 0x194f530 (24 bytes)
1717349644.737773 sending message 105 to peer 0x194f530 (92 bytes)
1717349644.737777 sending message 105 to peer 0x194f530 (75 bytes)
1717349644.737783 sending message 105 to peer 0x194f530 (15 bytes)
1717349644.737787 sending message 105 to peer 0x194f530 (16 bytes)
1717349644.737792 sending message 105 to peer 0x194f530 (12 bytes)
1717349644.737797 sending message 105 to peer 0x194f530 (15 bytes)
1717349644.737803 sending message 105 to peer 0x194f530 (28 bytes)
1717349644.737807 sending message 105 to peer 0x194f530 (173 bytes)
1717349644.737811 sending message 105 to peer 0x194f530 (24 bytes)
1717349644.737822 sending message 105 to peer 0x194f530 (15 bytes)
1717349644.737826 sending message 105 to peer 0x194f530 (21 bytes)
1717349644.737832 sending message 105 to peer 0x194f530 (79 bytes)
1717349644.737836 sending message 105 to peer 0x194f530 (22 bytes)
1717349644.737841 sending message 105 to peer 0x194f530 (43 bytes)
1717349644.737847 sending message 105 to peer 0x194f530 (29 bytes)
1717349644.737852 sending message 105 to peer 0x194f530 (88 bytes)
1717349644.737856 sending message 105 to peer 0x194f530 (18 bytes)
1717349644.737862 sending message 105 to peer 0x194f530 (92 bytes)
1717349644.737866 sending message 105 to peer 0x194f530 (21 bytes)
1717349644.737871 sending message 105 to peer 0x194f530 (17 bytes)
1717349644.737877 sending message 105 to peer 0x194f530 (1905 bytes)
1717349644.737883 sending message 105 to peer 0x194f530 (24 bytes)
1717349644.737888 sending message 105 to peer 0x194f530 (28 bytes)
1717349644.737894 sending message 105 to peer 0x194f530 (139 bytes)
1717349644.737898 sending message 105 to peer 0x194f530 (33 bytes)
1717349644.737904 sending message 105 to peer 0x194f530 (13 bytes)
1717349644.737910 sending message 105 to peer 0x194f530 (7211 bytes)
1717349644.737925 sending message 105 to peer 0x194f530 (95 bytes)
1717349644.737938 sending message 105 to peer 0x194f530 (52 bytes)
1717349644.737945 sending message 105 to peer 0x194f530 (47 bytes)
1717349644.737950 sending message 105 to peer 0x194f530 (23 bytes)
1717349644.737956 sending message 105 to peer 0x194f530 (16 bytes)
1717349644.737961 sending message 105 to peer 0x194f530 (14 bytes)
1717349644.737966 sending message 105 to peer 0x194f530 (21 bytes)
1717349644.737972 sending message 105 to peer 0x194f530 (59 bytes)
1717349644.737987 sending message 105 to peer 0x194f530 (425 bytes)
1717349644.737997 sending message 105 to peer 0x194f530 (23 bytes)
1717349644.738003 sending message 105 to peer 0x194f530 (20 bytes)
1717349644.738008 sending message 105 to peer 0x194f530 (30 bytes)
1717349644.738013 sending message 105 to peer 0x194f530 (705 bytes)
1717349644.738019 sending message 105 to peer 0x194f530 (87 bytes)
1717349644.738024 sending message 105 to peer 0x194f530 (12 bytes)
1717349644.738029 sending message 105 to peer 0x194f530 (15 bytes)
1717349644.738034 sending message 105 to peer 0x194f530 (20 bytes)
1717349644.738039 sending message 105 to peer 0x194f530 (22 bytes)
1717349644.738045 sending message 105 to peer 0x194f530 (50 bytes)
1717349644.738050 sending message 105 to peer 0x194f530 (11 bytes)
1717349644.738055 sending message 105 to peer 0x194f530 (8 bytes)
1717349644.738060 sending message 105 to peer 0x194f530 (11 bytes)
1717349644.738065 sending message 105 to peer 0x194f530 (25 bytes)
1717349644.738071 sending message 105 to peer 0x194f530 (307 bytes)
1717349644.738075 sending message 105 to peer 0x194f530 (27 bytes)
1717349644.738082 sending message 105 to peer 0x194f530 (31 bytes)
1717349644.738086 sending message 105 to peer 0x194f530 (11 bytes)
1717349644.738091 sending message 105 to peer 0x194f530 (17 bytes)
1717349644.738097 sending message 105 to peer 0x194f530 (64 bytes)
1717349644.738101 sending message 105 to peer 0x194f530 (72 bytes)
1717349644.738106 sending message 105 to peer 0x194f530 (529 bytes)
1717349644.738111 sending message 105 to peer 0x194f530 (264 bytes)
1717349644.738116 sending message 105 to peer 0x194f530 (31 bytes)
1717349644.738121 sending message 105 to peer 0x194f530 (83 bytes)
1717349644.738127 sending message 105 to peer 0x194f530 (20 bytes)
1717349644.738132 sending message 105 to peer 0x194f530 (30 bytes)
1717349644.738138 sending message 105 to peer 0x194f530 (22 bytes)
1717349644.738142 sending message 105 to peer 0x194f530 (29 bytes)
1717349644.738151 sending message 105 to peer 0x194f530 (16304 bytes)
1717349644.738170 sending message 105 to peer 0x194f530 (22 bytes)
1717349644.738176 sending message 105 to peer 0x194f530 (221 bytes)
1717349644.738181 sending message 105 to peer 0x194f530 (207 bytes)
1717349644.738186 sending message 105 to peer 0x194f530 (54 bytes)
1717349644.738197 sending message 105 to peer 0x194f530 (28 bytes)
1717349644.738203 sending message 105 to peer 0x194f530 (130 bytes)
1717349644.738209 sending message 105 to peer 0x194f530 (9949 bytes)
1717349644.738224 sending message 105 to peer 0x194f530 (23 bytes)
1717349644.738231 sending message 105 to peer 0x194f530 (20 bytes)
1717349644.738236 sending message 105 to peer 0x194f530 (31 bytes)
1717349644.738241 sending message 105 to peer 0x194f530 (37 bytes)
1717349644.738246 sending message 106 to peer 0x194f530 (0 bytes)
1717349644.738365 sending message 200 to peer 0x194f530 (4 bytes)
1717349644.738374 client loop enter
1717349644.738393 client_signal: Child exited
1717349644.835387 peer 0x194f530 message 207
1717349644.835406 sending message 208 to peer 0x194f530 (0 bytes)
1717349646.604966 peer 0x194f530 message 203
1717349646.605089 sending message 205 to peer 0x194f530 (0 bytes)
1717349646.606471 peer 0x194f530 message 204
1717349646.606526 client loop exit
